0 verbose cli D:\nodejs\node.exe D:\nodejs\node_modules\npm\bin\npm-cli.js
1 info using npm@11.13.0
2 info using node@v24.16.0
3 silly config load:file:D:\nodejs\node_modules\npm\npmrc
4 silly config load:file:D:\bangumi\github\.npmrc
5 silly config load:file:C:\Users\26681\.npmrc
6 silly config load:file:D:\nodejs\node_global\etc\npmrc
7 verbose title npm install typescript@6.5.0
8 verbose argv "install" "typescript@6.5.0" "--save-dev"
9 verbose logfile logs-max:10 dir:d:\bangumi\github\.npm_cache\_logs\2026-06-23T12_59_35_845Z-
10 verbose logfile d:\bangumi\github\.npm_cache\_logs\2026-06-23T12_59_35_845Z-debug-0.log
11 silly logfile start cleaning logs, removing 1 files
12 silly packumentCache heap:4496293888 maxSize:1124073472 maxEntrySize:562036736
13 verbose shrinkwrap failed to load node_modules/.package-lock.json out of date, updated: node_modules
14 silly idealTree buildDeps
15 silly fetch manifest typescript@6.5.0
16 silly packumentCache full:https://registry.npmjs.org/typescript cache-miss
17 silly logfile done cleaning log files
18 http fetch GET 200 https://registry.npmjs.org/typescript 933ms (cache revalidated)
19 silly packumentCache full:https://registry.npmjs.org/typescript set size:15410956 disposed:false
20 silly placeDep ROOT typescript@ REPLACE for: expense-tracker@0.0.0 want: 6.5.0
21 verbose type version
22 verbose stack typescript: No matching version found for typescript@6.5.0.
22 verbose stack     at module.exports (D:\nodejs\node_modules\npm\node_modules\npm-pick-manifest\lib\index.js:210:23)
22 verbose stack     at RegistryFetcher.manifest (D:\nodejs\node_modules\npm\node_modules\pacote\lib\registry.js:130:54)
22 verbose stack     at async #fetchManifest (D:\nodejs\node_modules\npm\node_modules\@npmcli\arborist\lib\arborist\build-ideal-tree.js:1217:20)
22 verbose stack     at async #nodeFromEdge (D:\nodejs\node_modules\npm\node_modules\@npmcli\arborist\lib\arborist\build-ideal-tree.js:1054:19)
22 verbose stack     at async #buildDepStep (D:\nodejs\node_modules\npm\node_modules\@npmcli\arborist\lib\arborist\build-ideal-tree.js:917:11)
22 verbose stack     at async Arborist.buildIdealTree (D:\nodejs\node_modules\npm\node_modules\@npmcli\arborist\lib\arborist\build-ideal-tree.js:170:7)
22 verbose stack     at async Promise.all (index 1)
22 verbose stack     at async Arborist.reify (D:\nodejs\node_modules\npm\node_modules\@npmcli\arborist\lib\arborist\reify.js:111:5)
22 verbose stack     at async Install.exec (D:\nodejs\node_modules\npm\lib\commands\install.js:146:5)
22 verbose stack     at async Npm.exec (D:\nodejs\node_modules\npm\lib\npm.js:193:9)
23 error code ETARGET
24 error notarget No matching version found for typescript@6.5.0.
25 error notarget In most cases you or one of your dependencies are requesting a package version that doesn't exist.
26 silly unfinished npm timer reify 1782219576140
27 silly unfinished npm timer reify:loadTrees 1782219576142
28 verbose cwd D:\bangumi\github
29 verbose os Windows_NT 10.0.26200
30 verbose node v24.16.0
31 verbose npm  v11.13.0
32 verbose exit 1
33 verbose code 1
34 error A complete log of this run can be found in: d:\bangumi\github\.npm_cache\_logs\2026-06-23T12_59_35_845Z-debug-0.log
