0 verbose cli D:\nodejs\node.exe D:\nodejs\node_modules\npm\bin\npm-cli.js
1 info using npm@11.13.0
2 info using node@v24.16.0
3 silly config load:file:D:\nodejs\node_modules\npm\npmrc
4 silly config load:file:D:\bangumi\github\.npmrc
5 silly config load:file:C:\Users\26681\.npmrc
6 silly config load:file:D:\nodejs\node_global\etc\npmrc
7 verbose title npm install @types/css-modules
8 verbose argv "install" "@types/css-modules" "--save-dev"
9 verbose logfile logs-max:10 dir:d:\bangumi\github\.npm_cache\_logs\2026-06-23T13_00_35_483Z-
10 verbose logfile d:\bangumi\github\.npm_cache\_logs\2026-06-23T13_00_35_483Z-debug-0.log
11 silly logfile start cleaning logs, removing 1 files
12 silly packumentCache heap:4496293888 maxSize:1124073472 maxEntrySize:562036736
13 silly idealTree buildDeps
14 silly fetch manifest @types/css-modules@*
15 silly packumentCache full:https://registry.npmjs.org/@types%2fcss-modules cache-miss
16 silly logfile done cleaning log files
17 http fetch GET 200 https://registry.npmjs.org/@types%2fcss-modules 1497ms (cache miss)
18 silly packumentCache full:https://registry.npmjs.org/@types%2fcss-modules set size:undefined disposed:false
19 silly placeDep ROOT @types/css-modules@1.0.5 OK for: expense-tracker@0.0.0 want: *
20 silly reify moves {}
21 silly audit bulk request {
21 silly audit   '@alloc/quick-lru': [ '5.2.0' ],
21 silly audit   '@babel/code-frame': [ '7.29.7' ],
21 silly audit   '@babel/compat-data': [ '7.29.7' ],
21 silly audit   '@babel/core': [ '7.29.7' ],
21 silly audit   '@babel/generator': [ '7.29.7' ],
21 silly audit   '@babel/helper-compilation-targets': [ '7.29.7' ],
21 silly audit   '@babel/helper-globals': [ '7.29.7' ],
21 silly audit   '@babel/helper-module-imports': [ '7.29.7' ],
21 silly audit   '@babel/helper-module-transforms': [ '7.29.7' ],
21 silly audit   '@babel/helper-plugin-utils': [ '7.29.7' ],
21 silly audit   '@babel/helper-string-parser': [ '7.29.7' ],
21 silly audit   '@babel/helper-validator-identifier': [ '7.29.7' ],
21 silly audit   '@babel/helper-validator-option': [ '7.29.7' ],
21 silly audit   '@babel/helpers': [ '7.29.7' ],
21 silly audit   '@babel/parser': [ '7.29.7' ],
21 silly audit   '@babel/plugin-transform-react-jsx-self': [ '7.29.7' ],
21 silly audit   '@babel/plugin-transform-react-jsx-source': [ '7.29.7' ],
21 silly audit   '@babel/template': [ '7.29.7' ],
21 silly audit   '@babel/traverse': [ '7.29.7' ],
21 silly audit   '@babel/types': [ '7.29.7' ],
21 silly audit   '@esbuild/aix-ppc64': [ '0.21.5' ],
21 silly audit   '@esbuild/android-arm': [ '0.21.5' ],
21 silly audit   '@esbuild/android-arm64': [ '0.21.5' ],
21 silly audit   '@esbuild/android-x64': [ '0.21.5' ],
21 silly audit   '@esbuild/darwin-arm64': [ '0.21.5' ],
21 silly audit   '@esbuild/darwin-x64': [ '0.21.5' ],
21 silly audit   '@esbuild/freebsd-arm64': [ '0.21.5' ],
21 silly audit   '@esbuild/freebsd-x64': [ '0.21.5' ],
21 silly audit   '@esbuild/linux-arm': [ '0.21.5' ],
21 silly audit   '@esbuild/linux-arm64': [ '0.21.5' ],
21 silly audit   '@esbuild/linux-ia32': [ '0.21.5' ],
21 silly audit   '@esbuild/linux-loong64': [ '0.21.5' ],
21 silly audit   '@esbuild/linux-mips64el': [ '0.21.5' ],
21 silly audit   '@esbuild/linux-ppc64': [ '0.21.5' ],
21 silly audit   '@esbuild/linux-riscv64': [ '0.21.5' ],
21 silly audit   '@esbuild/linux-s390x': [ '0.21.5' ],
21 silly audit   '@esbuild/linux-x64': [ '0.21.5' ],
21 silly audit   '@esbuild/netbsd-x64': [ '0.21.5' ],
21 silly audit   '@esbuild/openbsd-x64': [ '0.21.5' ],
21 silly audit   '@esbuild/sunos-x64': [ '0.21.5' ],
21 silly audit   '@esbuild/win32-arm64': [ '0.21.5' ],
21 silly audit   '@esbuild/win32-ia32': [ '0.21.5' ],
21 silly audit   '@esbuild/win32-x64': [ '0.21.5' ],
21 silly audit   '@eslint-community/eslint-utils': [ '4.9.1' ],
21 silly audit   '@eslint-community/regexpp': [ '4.12.2' ],
21 silly audit   '@eslint/eslintrc': [ '2.1.4' ],
21 silly audit   '@eslint/js': [ '8.57.1' ],
21 silly audit   '@humanwhocodes/config-array': [ '0.13.0' ],
21 silly audit   '@humanwhocodes/module-importer': [ '1.0.1' ],
21 silly audit   '@humanwhocodes/object-schema': [ '2.0.3' ],
21 silly audit   '@jridgewell/gen-mapping': [ '0.3.13' ],
21 silly audit   '@jridgewell/remapping': [ '2.3.5' ],
21 silly audit   '@jridgewell/resolve-uri': [ '3.1.2' ],
21 silly audit   '@jridgewell/sourcemap-codec': [ '1.5.5' ],
21 silly audit   '@jridgewell/trace-mapping': [ '0.3.31' ],
21 silly audit   '@kurkle/color': [ '0.3.4' ],
21 silly audit   '@nodelib/fs.scandir': [ '2.1.5' ],
21 silly audit   '@nodelib/fs.stat': [ '2.0.5' ],
21 silly audit   '@nodelib/fs.walk': [ '1.2.8' ],
21 silly audit   '@remix-run/router': [ '1.23.3' ],
21 silly audit   '@rolldown/pluginutils': [ '1.0.0-beta.27' ],
21 silly audit   '@rollup/rollup-android-arm-eabi': [ '4.62.2' ],
21 silly audit   '@rollup/rollup-android-arm64': [ '4.62.2' ],
21 silly audit   '@rollup/rollup-darwin-arm64': [ '4.62.2' ],
21 silly audit   '@rollup/rollup-darwin-x64': [ '4.62.2' ],
21 silly audit   '@rollup/rollup-freebsd-arm64': [ '4.62.2' ],
21 silly audit   '@rollup/rollup-freebsd-x64': [ '4.62.2' ],
21 silly audit   '@rollup/rollup-linux-arm-gnueabihf': [ '4.62.2' ],
21 silly audit   '@rollup/rollup-linux-arm-musleabihf': [ '4.62.2' ],
21 silly audit   '@rollup/rollup-linux-arm64-gnu': [ '4.62.2' ],
21 silly audit   '@rollup/rollup-linux-arm64-musl': [ '4.62.2' ],
21 silly audit   '@rollup/rollup-linux-loong64-gnu': [ '4.62.2' ],
21 silly audit   '@rollup/rollup-linux-loong64-musl': [ '4.62.2' ],
21 silly audit   '@rollup/rollup-linux-ppc64-gnu': [ '4.62.2' ],
21 silly audit   '@rollup/rollup-linux-ppc64-musl': [ '4.62.2' ],
21 silly audit   '@rollup/rollup-linux-riscv64-gnu': [ '4.62.2' ],
21 silly audit   '@rollup/rollup-linux-riscv64-musl': [ '4.62.2' ],
21 silly audit   '@rollup/rollup-linux-s390x-gnu': [ '4.62.2' ],
21 silly audit   '@rollup/rollup-linux-x64-gnu': [ '4.62.2' ],
21 silly audit   '@rollup/rollup-linux-x64-musl': [ '4.62.2' ],
21 silly audit   '@rollup/rollup-openbsd-x64': [ '4.62.2' ],
21 silly audit   '@rollup/rollup-openharmony-arm64': [ '4.62.2' ],
21 silly audit   '@rollup/rollup-win32-arm64-msvc': [ '4.62.2' ],
21 silly audit   '@rollup/rollup-win32-ia32-msvc': [ '4.62.2' ],
21 silly audit   '@rollup/rollup-win32-x64-gnu': [ '4.62.2' ],
21 silly audit   '@rollup/rollup-win32-x64-msvc': [ '4.62.2' ],
21 silly audit   '@types/babel__core': [ '7.20.5' ],
21 silly audit   '@types/babel__generator': [ '7.27.0' ],
21 silly audit   '@types/babel__template': [ '7.4.4' ],
21 silly audit   '@types/babel__traverse': [ '7.28.0' ],
21 silly audit   '@types/estree': [ '1.0.9' ],
21 silly audit   '@types/node': [ '26.0.0' ],
21 silly audit   '@types/prop-types': [ '15.7.15' ],
21 silly audit   '@types/react': [ '18.3.31' ],
21 silly audit   '@types/react-dom': [ '18.3.7' ],
21 silly audit   '@ungap/structured-clone': [ '1.3.2' ],
21 silly audit   '@vitejs/plugin-react': [ '4.7.0' ],
21 silly audit   acorn: [ '8.17.0' ],
21 silly audit   'acorn-jsx': [ '5.3.2' ],
21 silly audit   ajv: [ '6.15.0' ],
21 silly audit   'ansi-regex': [ '5.0.1' ],
21 silly audit   'ansi-styles': [ '4.3.0' ],
21 silly audit   'any-promise': [ '1.3.0' ],
21 silly audit   anymatch: [ '3.1.3' ],
21 silly audit   arg: [ '5.0.2' ],
21 silly audit   argparse: [ '2.0.1' ],
21 silly audit   autoprefixer: [ '10.5.0' ],
21 silly audit   'balanced-match': [ '1.0.2' ],
21 silly audit   'baseline-browser-mapping': [ '2.10.38' ],
21 silly audit   'binary-extensions': [ '2.3.0' ],
21 silly audit   'brace-expansion': [ '1.1.15' ],
21 silly audit   braces: [ '3.0.3' ],
21 silly audit   browserslist: [ '4.28.4' ],
21 silly audit   callsites: [ '3.1.0' ],
21 silly audit   'camelcase-css': [ '2.0.1' ],
21 silly audit   'caniuse-lite': [ '1.0.30001799' ],
21 silly audit   chalk: [ '4.1.2' ],
21 silly audit   'chart.js': [ '4.5.1' ],
21 silly audit   chokidar: [ '3.6.0' ],
21 silly audit   'glob-parent': [ '5.1.2', '6.0.2' ],
21 silly audit   'color-convert': [ '2.0.1' ],
21 silly audit   'color-name': [ '1.1.4' ],
21 silly audit   commander: [ '4.1.1' ],
21 silly audit   'concat-map': [ '0.0.1' ],
21 silly audit   'convert-source-map': [ '2.0.0' ],
21 silly audit   'cross-spawn': [ '7.0.6' ],
21 silly audit   cssesc: [ '3.0.0' ],
21 silly audit   csstype: [ '3.2.3' ],
21 silly audit   debug: [ '4.4.3' ],
21 silly audit   'deep-is': [ '0.1.4' ],
21 silly audit   didyoumean: [ '1.2.2' ],
21 silly audit   dlv: [ '1.1.3' ],
21 silly audit   doctrine: [ '3.0.0' ],
21 silly audit   'electron-to-chromium': [ '1.5.377' ],
21 silly audit   'es-errors': [ '1.3.0' ],
21 silly audit   esbuild: [ '0.21.5' ],
21 silly audit   escalade: [ '3.2.0' ],
21 silly audit   'escape-string-regexp': [ '4.0.0' ],
21 silly audit   eslint: [ '8.57.1' ],
21 silly audit   'eslint-plugin-react-hooks': [ '4.6.2' ],
21 silly audit   'eslint-plugin-react-refresh': [ '0.4.26' ],
21 silly audit   'eslint-scope': [ '7.2.2' ],
21 silly audit   'eslint-visitor-keys': [ '3.4.3' ],
21 silly audit   espree: [ '9.6.1' ],
21 silly audit   esquery: [ '1.7.0' ],
21 silly audit   esrecurse: [ '4.3.0' ],
21 silly audit   estraverse: [ '5.3.0' ],
21 silly audit   esutils: [ '2.0.3' ],
21 silly audit   'fast-deep-equal': [ '3.1.3' ],
21 silly audit   'fast-glob': [ '3.3.3' ],
21 silly audit   'fast-json-stable-stringify': [ '2.1.0' ],
21 silly audit   'fast-levenshtein': [ '2.0.6' ],
21 silly audit   fastq: [ '1.20.1' ],
21 silly audit   'file-entry-cache': [ '6.0.1' ],
21 silly audit   'fill-range': [ '7.1.1' ],
21 silly audit   'find-up': [ '5.0.0' ],
21 silly audit   'flat-cache': [ '3.2.0' ],
21 silly audit   flatted: [ '3.4.2' ],
21 silly audit   'fraction.js': [ '5.3.4' ],
21 silly audit   'fs.realpath': [ '1.0.0' ],
21 silly audit   fsevents: [ '2.3.3' ],
21 silly audit   'function-bind': [ '1.1.2' ],
21 silly audit   gensync: [ '1.0.0-beta.2' ],
21 silly audit   glob: [ '7.2.3' ],
21 silly audit   globals: [ '13.24.0' ],
21 silly audit   graphemer: [ '1.4.0' ],
21 silly audit   'has-flag': [ '4.0.0' ],
21 silly audit   hasown: [ '2.0.4' ],
21 silly audit   ignore: [ '5.3.2' ],
21 silly audit   'import-fresh': [ '3.3.1' ],
21 silly audit   imurmurhash: [ '0.1.4' ],
21 silly audit   inflight: [ '1.0.6' ],
21 silly audit   inherits: [ '2.0.4' ],
21 silly audit   'is-binary-path': [ '2.1.0' ],
21 silly audit   'is-core-module': [ '2.16.2' ],
21 silly audit   'is-extglob': [ '2.1.1' ],
21 silly audit   'is-glob': [ '4.0.3' ],
21 silly audit   'is-number': [ '7.0.0' ],
21 silly audit   'is-path-inside': [ '3.0.3' ],
21 silly audit   isexe: [ '2.0.0' ],
21 silly audit   jiti: [ '1.21.7' ],
21 silly audit   'js-tokens': [ '4.0.0' ],
21 silly audit   'js-yaml': [ '4.2.0' ],
21 silly audit   jsesc: [ '3.1.0' ],
21 silly audit   'json-buffer': [ '3.0.1' ],
21 silly audit   'json-schema-traverse': [ '0.4.1' ],
21 silly audit   'json-stable-stringify-without-jsonify': [ '1.0.1' ],
21 silly audit   json5: [ '2.2.3' ],
21 silly audit   keyv: [ '4.5.4' ],
21 silly audit   levn: [ '0.4.1' ],
21 silly audit   lilconfig: [ '3.1.3' ],
21 silly audit   'lines-and-columns': [ '1.2.4' ],
21 silly audit   'locate-path': [ '6.0.0' ],
21 silly audit   'lodash.merge': [ '4.6.2' ],
21 silly audit   'loose-envify': [ '1.4.0' ],
21 silly audit   'lru-cache': [ '5.1.1' ],
21 silly audit   'lucide-react': [ '0.314.0' ],
21 silly audit   merge2: [ '1.4.1' ],
21 silly audit   micromatch: [ '4.0.8' ],
21 silly audit   minimatch: [ '3.1.5' ],
21 silly audit   ms: [ '2.1.3' ],
21 silly audit   mz: [ '2.7.0' ],
21 silly audit   nanoid: [ '3.3.15' ],
21 silly audit   'natural-compare': [ '1.4.0' ],
21 silly audit   'node-releases': [ '2.0.48' ],
21 silly audit   'normalize-path': [ '3.0.0' ],
21 silly audit   'object-assign': [ '4.1.1' ],
21 silly audit   'object-hash': [ '3.0.0' ],
21 silly audit   once: [ '1.4.0' ],
21 silly audit   optionator: [ '0.9.4' ],
21 silly audit   'p-limit': [ '3.1.0' ],
21 silly audit   'p-locate': [ '5.0.0' ],
21 silly audit   'parent-module': [ '1.0.1' ],
21 silly audit   'path-exists': [ '4.0.0' ],
21 silly audit   'path-is-absolute': [ '1.0.1' ],
21 silly audit   'path-key': [ '3.1.1' ],
21 silly audit   'path-parse': [ '1.0.7' ],
21 silly audit   picocolors: [ '1.1.1' ],
21 silly audit   picomatch: [ '2.3.2', '4.0.4' ],
21 silly audit   pify: [ '2.3.0' ],
21 silly audit   pirates: [ '4.0.7' ],
21 silly audit   postcss: [ '8.5.15' ],
21 silly audit   'postcss-import': [ '15.1.0' ],
21 silly audit   'postcss-js': [ '4.1.0' ],
21 silly audit   'postcss-load-config': [ '6.0.1' ],
21 silly audit   'postcss-nested': [ '6.2.0' ],
21 silly audit   'postcss-selector-parser': [ '6.1.4' ],
21 silly audit   'postcss-value-parser': [ '4.2.0' ],
21 silly audit   'prelude-ls': [ '1.2.1' ],
21 silly audit   punycode: [ '2.3.1' ],
21 silly audit   'queue-microtask': [ '1.2.3' ],
21 silly audit   react: [ '18.3.1' ],
21 silly audit   'react-chartjs-2': [ '5.3.1' ],
21 silly audit   'react-dom': [ '18.3.1' ],
21 silly audit   'react-refresh': [ '0.17.0' ],
21 silly audit   'react-router': [ '6.30.4' ],
21 silly audit   'react-router-dom': [ '6.30.4' ],
21 silly audit   'read-cache': [ '1.0.0' ],
21 silly audit   readdirp: [ '3.6.0' ],
21 silly audit   resolve: [ '1.22.12' ],
21 silly audit   'resolve-from': [ '4.0.0' ],
21 silly audit   reusify: [ '1.1.0' ],
21 silly audit   rimraf: [ '3.0.2' ],
21 silly audit   rollup: [ '4.62.2' ],
21 silly audit   'run-parallel': [ '1.2.0' ],
21 silly audit   scheduler: [ '0.23.2' ],
21 silly audit   semver: [ '6.3.1' ],
21 silly audit   'shebang-command': [ '2.0.0' ],
21 silly audit   'shebang-regex': [ '3.0.0' ],
21 silly audit   'source-map-js': [ '1.2.1' ],
21 silly audit   'strip-ansi': [ '6.0.1' ],
21 silly audit   'strip-json-comments': [ '3.1.1' ],
21 silly audit   sucrase: [ '3.35.1' ],
21 silly audit   'supports-color': [ '7.2.0' ],
21 silly audit   'supports-preserve-symlinks-flag': [ '1.0.0' ],
21 silly audit   tailwindcss: [ '3.4.19' ],
21 silly audit   'text-table': [ '0.2.0' ],
21 silly audit   thenify: [ '3.3.1' ],
21 silly audit   'thenify-all': [ '1.6.0' ],
21 silly audit   tinyglobby: [ '0.2.17' ],
21 silly audit   fdir: [ '6.5.0' ],
21 silly audit   'to-regex-range': [ '5.0.1' ],
21 silly audit   'ts-interface-checker': [ '0.1.13' ],
21 silly audit   'type-check': [ '0.4.0' ],
21 silly audit   'type-fest': [ '0.20.2' ],
21 silly audit   typescript: [ '6.0.3' ],
21 silly audit   'undici-types': [ '8.3.0' ],
21 silly audit   'update-browserslist-db': [ '1.2.3' ],
21 silly audit   'uri-js': [ '4.4.1' ],
21 silly audit   'util-deprecate': [ '1.0.2' ],
21 silly audit   vite: [ '5.4.21' ],
21 silly audit   which: [ '2.0.2' ],
21 silly audit   'word-wrap': [ '1.2.5' ],
21 silly audit   wrappy: [ '1.0.2' ],
21 silly audit   yallist: [ '3.1.1' ],
21 silly audit   'yocto-queue': [ '0.1.0' ],
21 silly audit   '@types/css-modules': [ '1.0.5' ]
21 silly audit }
22 http cache @types/css-modules@https://registry.npmjs.org/@types/css-modules/-/css-modules-1.0.5.tgz 0ms (cache hit)
23 silly tarball no local data for @types/css-modules@https://registry.npmjs.org/@types/css-modules/-/css-modules-1.0.5.tgz. Extracting by manifest.
24 http fetch POST 200 https://registry.npmjs.org/-/npm/v1/security/advisories/bulk 288ms
25 silly audit report {
25 silly audit report   esbuild: [
25 silly audit report     {
25 silly audit report       id: 1102341,
25 silly audit report       url: 'https://github.com/advisories/GHSA-67mh-4wv8-2f99',
25 silly audit report       title: 'esbuild enables any website to send any requests to the development server and read the response',
25 silly audit report       severity: 'moderate',
25 silly audit report       vulnerable_versions: '<=0.24.2',
25 silly audit report       cwe: [Array],
25 silly audit report       cvss: [Object]
25 silly audit report     }
25 silly audit report   ],
25 silly audit report   vite: [
25 silly audit report     {
25 silly audit report       id: 1120784,
25 silly audit report       url: 'https://github.com/advisories/GHSA-v6wh-96g9-6wx3',
25 silly audit report       title: 'launch-editor: NTLMv2 hash disclosure via UNC path handling on Windows',
25 silly audit report       severity: 'moderate',
25 silly audit report       vulnerable_versions: '<=6.4.2',
25 silly audit report       cwe: [Array],
25 silly audit report       cvss: [Object]
25 silly audit report     },
25 silly audit report     {
25 silly audit report       id: 1120789,
25 silly audit report       url: 'https://github.com/advisories/GHSA-fx2h-pf6j-xcff',
25 silly audit report       title: 'vite: `server.fs.deny` bypass on Windows alternate paths',
25 silly audit report       severity: 'high',
25 silly audit report       vulnerable_versions: '<=6.4.2',
25 silly audit report       cwe: [Array],
25 silly audit report       cvss: [Object]
25 silly audit report     },
25 silly audit report     {
25 silly audit report       id: 1116229,
25 silly audit report       url: 'https://github.com/advisories/GHSA-4w7w-66w2-5vf9',
25 silly audit report       title: 'Vite Vulnerable to Path Traversal in Optimized Deps `.map` Handling',
25 silly audit report       severity: 'moderate',
25 silly audit report       vulnerable_versions: '<=6.4.1',
25 silly audit report       cwe: [Array],
25 silly audit report       cvss: [Object]
25 silly audit report     }
25 silly audit report   ]
25 silly audit report }
26 silly packumentCache corgi:https://registry.npmjs.org/esbuild cache-miss
27 silly packumentCache corgi:https://registry.npmjs.org/vite cache-miss
28 http cache https://registry.npmjs.org/esbuild 9ms (cache hit)
29 silly packumentCache corgi:https://registry.npmjs.org/esbuild set size:887361 disposed:false
30 http cache https://registry.npmjs.org/vite 17ms (cache hit)
31 silly packumentCache corgi:https://registry.npmjs.org/vite set size:2267606 disposed:false
32 silly packumentCache corgi:https://registry.npmjs.org/@vitejs%2fplugin-react cache-miss
33 http cache https://registry.npmjs.org/@vitejs%2fplugin-react 22ms (cache hit)
34 silly packumentCache corgi:https://registry.npmjs.org/@vitejs%2fplugin-react set size:115032 disposed:false
35 http fetch GET 200 https://registry.npmjs.org/@types/css-modules/-/css-modules-1.0.5.tgz 1223ms (cache miss)
36 silly ADD node_modules/@types/css-modules
37 verbose cwd D:\bangumi\github
38 verbose os Windows_NT 10.0.26200
39 verbose node v24.16.0
40 verbose npm  v11.13.0
41 verbose exit 0
42 info ok
